gzip: *.fastq.gz: No such file or directory
0
Started analysis of SRR292770_1.fastq.gz
Started analysis of SRR292770_2.fastq.gz
Approx 5% complete for SRR292770_1.fastq.gz
Approx 5% complete for SRR292770_2.fastq.gz
Approx 10% complete for SRR292770_1.fastq.gz
Approx 10% complete for SRR292770_2.fastq.gz
Approx 15% complete for SRR292770_1.fastq.gz
Approx 15% complete for SRR292770_2.fastq.gz
Approx 20% complete for SRR292770_1.fastq.gz
Approx 20% complete for SRR292770_2.fastq.gz
Approx 25% complete for SRR292770_1.fastq.gz
Approx 25% complete for SRR292770_2.fastq.gz
Approx 30% complete for SRR292770_1.fastq.gz
Approx 30% complete for SRR292770_2.fastq.gz
Approx 35% complete for SRR292770_1.fastq.gz
Approx 35% complete for SRR292770_2.fastq.gz
Approx 40% complete for SRR292770_1.fastq.gz
Approx 40% complete for SRR292770_2.fastq.gz
Approx 45% complete for SRR292770_1.fastq.gz
Approx 45% complete for SRR292770_2.fastq.gz
Approx 50% complete for SRR292770_1.fastq.gz
Approx 50% complete for SRR292770_2.fastq.gz
Approx 55% complete for SRR292770_1.fastq.gz
Approx 55% complete for SRR292770_2.fastq.gz
Approx 60% complete for SRR292770_1.fastq.gz
Approx 60% complete for SRR292770_2.fastq.gz
Approx 65% complete for SRR292770_1.fastq.gz
Approx 65% complete for SRR292770_2.fastq.gz
Approx 70% complete for SRR292770_1.fastq.gz
Approx 70% complete for SRR292770_2.fastq.gz
Approx 75% complete for SRR292770_1.fastq.gz
Approx 75% complete for SRR292770_2.fastq.gz
Approx 80% complete for SRR292770_1.fastq.gz
Approx 80% complete for SRR292770_2.fastq.gz
Approx 85% complete for SRR292770_1.fastq.gz
Approx 85% complete for SRR292770_2.fastq.gz
Approx 90% complete for SRR292770_1.fastq.gz
Approx 90% complete for SRR292770_2.fastq.gz
Approx 95% complete for SRR292770_1.fastq.gz
Approx 95% complete for SRR292770_2.fastq.gz
Approx 100% complete for SRR292770_1.fastq.gz
Analysis complete for SRR292770_1.fastq.gz
Approx 100% complete for SRR292770_2.fastq.gz
Analysis complete for SRR292770_2.fastq.gz
Started analysis of SRR292770_1.trim.fastq.gz
Started analysis of SRR292770_2.trim.fastq.gz
Approx 5% complete for SRR292770_1.trim.fastq.gz
Approx 5% complete for SRR292770_2.trim.fastq.gz
Approx 10% complete for SRR292770_1.trim.fastq.gz
Approx 10% complete for SRR292770_2.trim.fastq.gz
Approx 15% complete for SRR292770_1.trim.fastq.gz
Approx 15% complete for SRR292770_2.trim.fastq.gz
Approx 20% complete for SRR292770_1.trim.fastq.gz
Approx 20% complete for SRR292770_2.trim.fastq.gz
Approx 25% complete for SRR292770_1.trim.fastq.gz
Approx 25% complete for SRR292770_2.trim.fastq.gz
Approx 30% complete for SRR292770_1.trim.fastq.gz
Approx 30% complete for SRR292770_2.trim.fastq.gz
Approx 35% complete for SRR292770_1.trim.fastq.gz
Approx 35% complete for SRR292770_2.trim.fastq.gz
Approx 40% complete for SRR292770_1.trim.fastq.gz
Approx 40% complete for SRR292770_2.trim.fastq.gz
Approx 45% complete for SRR292770_1.trim.fastq.gz
Approx 45% complete for SRR292770_2.trim.fastq.gz
Approx 50% complete for SRR292770_1.trim.fastq.gz
Approx 50% complete for SRR292770_2.trim.fastq.gz
Approx 55% complete for SRR292770_1.trim.fastq.gz
Approx 55% complete for SRR292770_2.trim.fastq.gz
Approx 60% complete for SRR292770_1.trim.fastq.gz
Approx 60% complete for SRR292770_2.trim.fastq.gz
Approx 65% complete for SRR292770_1.trim.fastq.gz
Approx 65% complete for SRR292770_2.trim.fastq.gz
Approx 70% complete for SRR292770_1.trim.fastq.gz
Approx 70% complete for SRR292770_2.trim.fastq.gz
Approx 75% complete for SRR292770_1.trim.fastq.gz
Approx 75% complete for SRR292770_2.trim.fastq.gz
Approx 80% complete for SRR292770_1.trim.fastq.gz
Approx 80% complete for SRR292770_2.trim.fastq.gz
Approx 85% complete for SRR292770_1.trim.fastq.gz
Approx 85% complete for SRR292770_2.trim.fastq.gz
Approx 90% complete for SRR292770_1.trim.fastq.gz
Approx 90% complete for SRR292770_2.trim.fastq.gz
Approx 95% complete for SRR292770_1.trim.fastq.gz
Approx 95% complete for SRR292770_2.trim.fastq.gz
Analysis complete for SRR292770_1.trim.fastq.gz
Analysis complete for SRR292770_2.trim.fastq.gz


== Warning ==  No assembly mode was specified! If you intend to assemble high-coverage multi-cell/isolate data, use '--isolate' option.


Command line: /export/apps/spades/3.15/bin/spades.py	-k	27	-1	/home/gkibet/bioinformatics/github/ilri-africa-cdc-training/bacteria/data/fastp/SRR292770_1.trim.fastq.gz	-2	/home/gkibet/bioinformatics/github/ilri-africa-cdc-training/bacteria/data/fastp/SRR292770_2.trim.fastq.gz	-o	/home/gkibet/bioinformatics/github/ilri-africa-cdc-training/bacteria/data/spades	-t	8	-m	384	

System information:
  SPAdes version: 3.15.5
  Python version: 3.8.5
  OS: Linux-4.18.0-408.el8.x86_64-x86_64-with-glibc2.10

Output dir: /home/gkibet/bioinformatics/github/ilri-africa-cdc-training/bacteria/data/spades
Mode: read error correction and assembling
Debug mode is turned OFF

Dataset parameters:
  Standard mode
  For multi-cell/isolate data we recommend to use '--isolate' option; for single-cell MDA data use '--sc'; for metagenomic data use '--meta'; for RNA-Seq use '--rna'.
  Reads:
    Library number: 1, library type: paired-end
      orientation: fr
      left reads: ['/home/gkibet/bioinformatics/github/ilri-africa-cdc-training/bacteria/data/fastp/SRR292770_1.trim.fastq.gz']
      right reads: ['/home/gkibet/bioinformatics/github/ilri-africa-cdc-training/bacteria/data/fastp/SRR292770_2.trim.fastq.gz']
      interlaced reads: not specified
      single reads: not specified
      merged reads: not specified
Read error correction parameters:
  Iterations: 1
  PHRED offset will be auto-detected
  Corrected reads will be compressed
Assembly parameters:
  k: [27]
  Repeat resolution is enabled
  Mismatch careful mode is turned OFF
  MismatchCorrector will be SKIPPED
  Coverage cutoff is turned OFF
Other parameters:
  Dir for temp files: /home/gkibet/bioinformatics/github/ilri-africa-cdc-training/bacteria/data/spades/tmp
  Threads: 8
  Memory limit (in Gb): 384


======= SPAdes pipeline started. Log can be found here: /home/gkibet/bioinformatics/github/ilri-africa-cdc-training/bacteria/data/spades/spades.log

/home/gkibet/bioinformatics/github/ilri-africa-cdc-training/bacteria/data/fastp/SRR292770_1.trim.fastq.gz: max reads length: 49
/home/gkibet/bioinformatics/github/ilri-africa-cdc-training/bacteria/data/fastp/SRR292770_2.trim.fastq.gz: max reads length: 49

Reads length: 49


===== Before start started. 


===== Read error correction started. 


===== Read error correction started. 


== Running: /export/apps/spades/3.15/bin/spades-hammer /home/gkibet/bioinformatics/github/ilri-africa-cdc-training/bacteria/data/spades/corrected/configs/config.info

  0:00:00.000     1M / 11M   INFO    General                 (main.cpp                  :  75)   Starting BayesHammer, built from refs/heads/spades_3.15.5, git revision e757b8216f9a038fb616e9551a2d4891b2d19ad7
  0:00:00.006     1M / 11M   INFO    General                 (main.cpp                  :  76)   Loading config from /home/gkibet/bioinformatics/github/ilri-africa-cdc-training/bacteria/data/spades/corrected/configs/config.info
  0:00:00.009     1M / 11M   INFO    General                 (main.cpp                  :  78)   Maximum # of threads to use (adjusted due to OMP capabilities): 8
  0:00:00.009     1M / 11M   INFO    General                 (memory_limit.cpp          :  54)   Memory limit set to 384 Gb
  0:00:00.009     1M / 11M   INFO    General                 (main.cpp                  :  86)   Trying to determine PHRED offset
  0:00:00.009     1M / 11M   INFO    General                 (main.cpp                  :  92)   Determined value is 33
  0:00:00.009     1M / 11M   INFO    General                 (hammer_tools.cpp          :  38)   Hamming graph threshold tau=1, k=21, subkmer positions = [ 0 10 ]
  0:00:00.009     1M / 11M   INFO    General                 (main.cpp                  : 113)   Size of aux. kmer data 24 bytes
     === ITERATION 0 begins ===
  0:00:00.277     1M / 11M   INFO    General                 (kmer_index_builder.hpp    : 243)   Splitting kmer instances into 16 files using 8 threads. This might take a while.
  0:00:00.279     1M / 11M   INFO    General                 (file_limit.hpp            :  42)   Open file limit set to 131072
  0:00:00.279     1M / 11M   INFO    General                 (kmer_splitter.hpp         :  93)   Memory available for splitting buffers: 16 Gb
  0:00:00.279     1M / 11M   INFO    General                 (kmer_splitter.hpp         : 101)   Using cell size of 4194304
  0:00:00.300  4609M / 4609M INFO   K-mer Splitting          (kmer_data.cpp             :  97)   Processing /home/gkibet/bioinformatics/github/ilri-africa-cdc-training/bacteria/data/fastp/SRR292770_1.trim.fastq.gz
  0:00:20.939  4609M / 4609M INFO   K-mer Splitting          (kmer_data.cpp             : 107)   Processed 5099871 reads
  0:00:20.946  4609M / 4609M INFO   K-mer Splitting          (kmer_data.cpp             :  97)   Processing /home/gkibet/bioinformatics/github/ilri-africa-cdc-training/bacteria/data/fastp/SRR292770_2.trim.fastq.gz
  0:00:39.651  4609M / 4609M INFO   K-mer Splitting          (kmer_data.cpp             : 107)   Processed 10199742 reads
  0:00:39.663  4609M / 4609M INFO   K-mer Splitting          (kmer_data.cpp             : 112)   Total 10199742 reads processed
  0:00:39.671     1M / 3733M INFO    General                 (kmer_index_builder.hpp    : 249)   Starting k-mer counting.
  0:00:40.888     1M / 3733M INFO    General                 (kmer_index_builder.hpp    : 260)   K-mer counting done. There are 76016622 kmers in total.
  0:00:40.901     1M / 3733M INFO   K-mer Index Building     (kmer_index_builder.hpp    : 395)   Building perfect hash indices
  0:00:41.591    60M / 3733M INFO   K-mer Index Building     (kmer_index_builder.hpp    : 431)   Index built. Total 76016622 kmers, 54915728 bytes occupied (5.77934 bits per kmer).
  0:00:41.591    60M / 3733M INFO   K-mer Counting           (kmer_data.cpp             : 354)   Arranging kmers in hash map order
  0:00:45.101  1220M / 3733M INFO    General                 (main.cpp                  : 148)   Clustering Hamming graph.
  0:01:55.588  1220M / 3733M INFO    General                 (main.cpp                  : 155)   Extracting clusters:
  0:01:55.588  1220M / 3733M INFO    General                 (concurrent_dsu.cpp        :  18)   Connecting to root
  0:01:55.743  1220M / 3733M INFO    General                 (concurrent_dsu.cpp        :  34)   Calculating counts
  0:02:06.123  3397M / 3733M INFO    General                 (concurrent_dsu.cpp        :  63)   Writing down entries
  0:02:19.281  1220M / 4586M INFO    General                 (main.cpp                  : 167)   Clustering done. Total clusters: 59689142
  0:02:19.283   640M / 4586M INFO   K-mer Counting           (kmer_data.cpp             : 371)   Collecting K-mer information, this takes a while.
  0:02:19.498  2380M / 4586M INFO   K-mer Counting           (kmer_data.cpp             : 377)   Processing /home/gkibet/bioinformatics/github/ilri-africa-cdc-training/bacteria/data/fastp/SRR292770_1.trim.fastq.gz
  0:02:40.599  2380M / 4586M INFO   K-mer Counting           (kmer_data.cpp             : 377)   Processing /home/gkibet/bioinformatics/github/ilri-africa-cdc-training/bacteria/data/fastp/SRR292770_2.trim.fastq.gz
  0:03:01.651  2380M / 4586M INFO   K-mer Counting           (kmer_data.cpp             : 384)   Collection done, postprocessing.
  0:03:01.825  2380M / 4586M INFO   K-mer Counting           (kmer_data.cpp             : 397)   There are 76016622 kmers in total. Among them 62647858 (82.4134%) are singletons.
  0:03:01.825  2380M / 4586M INFO    General                 (main.cpp                  : 173)   Subclustering Hamming graph
  0:03:09.210  2380M / 4586M INFO   Hamming Subclustering    (kmer_cluster.cpp          : 650)   Subclustering done. Total 32 non-read kmers were generated.
  0:03:09.211  2380M / 4586M INFO   Hamming Subclustering    (kmer_cluster.cpp          : 651)   Subclustering statistics:
  0:03:09.211  2380M / 4586M INFO   Hamming Subclustering    (kmer_cluster.cpp          : 652)     Total singleton hamming clusters: 51415744. Among them 31248556 (60.7762%) are good
  0:03:09.211  2380M / 4586M INFO   Hamming Subclustering    (kmer_cluster.cpp          : 653)     Total singleton subclusters: 47872. Among them 47717 (99.6762%) are good
  0:03:09.211  2380M / 4586M INFO   Hamming Subclustering    (kmer_cluster.cpp          : 654)     Total non-singleton subcluster centers: 8361626. Among them 7179362 (85.8608%) are good
  0:03:09.211  2380M / 4586M INFO   Hamming Subclustering    (kmer_cluster.cpp          : 655)     Average size of non-trivial subcluster: 2.94212 kmers
  0:03:09.211  2380M / 4586M INFO   Hamming Subclustering    (kmer_cluster.cpp          : 656)     Average number of sub-clusters per non-singleton cluster: 1.01645
  0:03:09.211  2380M / 4586M INFO   Hamming Subclustering    (kmer_cluster.cpp          : 657)     Total solid k-mers: 38475635
  0:03:09.211  2380M / 4586M INFO   Hamming Subclustering    (kmer_cluster.cpp          : 658)     Substitution probabilities: [4,4]((0.943107,0.022722,0.0204089,0.013762),(0.0159347,0.952295,0.0143802,0.0173897),(0.0163015,0.0133438,0.953229,0.0171258),(0.0126724,0.0193184,0.0215542,0.946455))
  0:03:09.320  2380M / 4586M INFO    General                 (main.cpp                  : 178)   Finished clustering.
  0:03:09.320  2380M / 4586M INFO    General                 (main.cpp                  : 197)   Starting solid k-mers expansion in 8 threads.
  0:03:32.432  2380M / 4586M INFO    General                 (main.cpp                  : 218)   Solid k-mers iteration 0 produced 4766001 new k-mers.
  0:03:55.121  2380M / 4586M INFO    General                 (main.cpp                  : 218)   Solid k-mers iteration 1 produced 40560 new k-mers.
  0:04:17.752  2380M / 4586M INFO    General                 (main.cpp                  : 218)   Solid k-mers iteration 2 produced 69 new k-mers.
  0:04:40.412  2380M / 4586M INFO    General                 (main.cpp                  : 218)   Solid k-mers iteration 3 produced 0 new k-mers.
  0:04:40.412  2380M / 4586M INFO    General                 (main.cpp                  : 222)   Solid k-mers finalized
  0:04:40.412  2380M / 4586M INFO    General                 (hammer_tools.cpp          : 222)   Starting read correction in 8 threads.
  0:04:40.412  2380M / 4586M INFO    General                 (hammer_tools.cpp          : 235)   Correcting pair of reads: /home/gkibet/bioinformatics/github/ilri-africa-cdc-training/bacteria/data/fastp/SRR292770_1.trim.fastq.gz and /home/gkibet/bioinformatics/github/ilri-africa-cdc-training/bacteria/data/fastp/SRR292770_2.trim.fastq.gz
  0:04:42.371  2809M / 4586M INFO    General                 (hammer_tools.cpp          : 170)   Prepared batch 0 of 800000 reads.
  0:04:44.969  2882M / 4586M INFO    General                 (hammer_tools.cpp          : 177)   Processed batch 0
  0:04:48.868  2882M / 4586M INFO    General                 (hammer_tools.cpp          : 187)   Written batch 0
  0:04:50.534  2882M / 4586M INFO    General                 (hammer_tools.cpp          : 170)   Prepared batch 1 of 800000 reads.
  0:04:53.108  2882M / 4586M INFO    General                 (hammer_tools.cpp          : 177)   Processed batch 1
  0:04:57.114  2882M / 4586M INFO    General                 (hammer_tools.cpp          : 187)   Written batch 1
  0:04:58.795  2882M / 4586M INFO    General                 (hammer_tools.cpp          : 170)   Prepared batch 2 of 800000 reads.
  0:05:01.384  2882M / 4586M INFO    General                 (hammer_tools.cpp          : 177)   Processed batch 2
  0:05:05.420  2882M / 4586M INFO    General                 (hammer_tools.cpp          : 187)   Written batch 2
  0:05:07.114  2882M / 4586M INFO    General                 (hammer_tools.cpp          : 170)   Prepared batch 3 of 800000 reads.
  0:05:09.704  2882M / 4586M INFO    General                 (hammer_tools.cpp          : 177)   Processed batch 3
  0:05:13.820  2882M / 4586M INFO    General                 (hammer_tools.cpp          : 187)   Written batch 3
  0:05:15.518  2882M / 4586M INFO    General                 (hammer_tools.cpp          : 170)   Prepared batch 4 of 800000 reads.
  0:05:18.120  2882M / 4586M INFO    General                 (hammer_tools.cpp          : 177)   Processed batch 4
  0:05:22.066  2882M / 4586M INFO    General                 (hammer_tools.cpp          : 187)   Written batch 4
  0:05:23.758  2882M / 4586M INFO    General                 (hammer_tools.cpp          : 170)   Prepared batch 5 of 800000 reads.
  0:05:26.342  2882M / 4586M INFO    General                 (hammer_tools.cpp          : 177)   Processed batch 5
  0:05:30.362  2882M / 4586M INFO    General                 (hammer_tools.cpp          : 187)   Written batch 5
  0:05:31.000  2882M / 4586M INFO    General                 (hammer_tools.cpp          : 170)   Prepared batch 6 of 299871 reads.
  0:05:31.961  2882M / 4586M INFO    General                 (hammer_tools.cpp          : 177)   Processed batch 6
  0:05:33.513  2882M / 4586M INFO    General                 (hammer_tools.cpp          : 187)   Written batch 6
  0:05:33.773  2380M / 4586M INFO    General                 (hammer_tools.cpp          : 276)   Correction done. Changed 278626 bases in 262197 reads.
  0:05:33.785  2380M / 4586M INFO    General                 (hammer_tools.cpp          : 277)   Failed to correct 0 bases out of 499620634.
  0:05:33.797     1M / 4586M INFO    General                 (main.cpp                  : 255)   Saving corrected dataset description to /home/gkibet/bioinformatics/github/ilri-africa-cdc-training/bacteria/data/spades/corrected/corrected.yaml
  0:05:33.954     1M / 4586M INFO    General                 (main.cpp                  : 262)   All done. Exiting.

===== Read error correction finished. 


===== corrected reads compression started. 


== Running: /home/gkibet/bioinformatics/anaconda3/bin/python3 /export/apps/spades/3.15/share/spades/spades_pipeline/scripts/compress_all.py --input_file /home/gkibet/bioinformatics/github/ilri-africa-cdc-training/bacteria/data/spades/corrected/corrected.yaml --ext_python_modules_home /export/apps/spades/3.15/share/spades --max_threads 8 --output_dir /home/gkibet/bioinformatics/github/ilri-africa-cdc-training/bacteria/data/spades/corrected --gzip_output

== Compressing corrected reads (with pigz)
== Files to compress: ['/home/gkibet/bioinformatics/github/ilri-africa-cdc-training/bacteria/data/spades/corrected/SRR292770_1.trim.fastq.00.0_0.cor.fastq', '/home/gkibet/bioinformatics/github/ilri-africa-cdc-training/bacteria/data/spades/corrected/SRR292770_2.trim.fastq.00.0_0.cor.fastq', '/home/gkibet/bioinformatics/github/ilri-africa-cdc-training/bacteria/data/spades/corrected/SRR292770__unpaired.00.0_0.cor.fastq']
== Files compression is finished
== Dataset yaml file is updated

===== corrected reads compression finished. 


===== Read error correction finished. 


===== Assembling started. 


===== K27 started. 


== Running: /export/apps/spades/3.15/bin/spades-core /home/gkibet/bioinformatics/github/ilri-africa-cdc-training/bacteria/data/spades/K27/configs/config.info

  0:00:00.000     1M / 11M   INFO    General                 (main.cpp                  :  99)   Loaded config from /home/gkibet/bioinformatics/github/ilri-africa-cdc-training/bacteria/data/spades/K27/configs/config.info
  0:00:00.002     1M / 11M   INFO    General                 (memory_limit.cpp          :  54)   Memory limit set to 384 Gb
  0:00:00.002     1M / 11M   INFO    General                 (main.cpp                  : 107)   Starting SPAdes, built from refs/heads/spades_3.15.5, git revision e757b8216f9a038fb616e9551a2d4891b2d19ad7
  0:00:00.002     1M / 11M   INFO    General                 (main.cpp                  : 108)   Maximum k-mer length: 128
  0:00:00.002     1M / 11M   INFO    General                 (main.cpp                  : 109)   Assembling dataset (/home/gkibet/bioinformatics/github/ilri-africa-cdc-training/bacteria/data/spades/dataset.info) with K=27
  0:00:00.002     1M / 11M   INFO    General                 (main.cpp                  : 110)   Maximum # of threads to use (adjusted due to OMP capabilities): 8
  0:00:00.002     1M / 11M   INFO    General                 (pipeline.cpp              : 212)   SPAdes started
  0:00:00.002     1M / 11M   INFO    General                 (pipeline.cpp              : 225)   Starting from stage: read_conversion
  0:00:00.002     1M / 11M   INFO    General                 (pipeline.cpp              : 231)   Two-step repeat resolution disabled
  0:00:00.003     1M / 11M   INFO   GraphCore                (graph_core.hpp            : 672)   Graph created, vertex min_id: 3, edge min_id: 3
  0:00:00.003     1M / 11M   INFO   GraphCore                (graph_core.hpp            : 673)   Vertex size: 48, edge size: 40
  0:00:00.004     1M / 11M   INFO    General                 (edge_index.hpp            : 113)   Size of edge index entries: 12/8
  0:00:00.005     1M / 11M   INFO    General                 (pipeline.cpp              : 242)   Will need read mapping, kmer mapper will be attached
  0:00:00.005     1M / 11M   INFO   StageManager             (stage.cpp                 : 185)   STAGE == Binary Read Conversion (id: read_conversion)
  0:00:00.052     1M / 11M   INFO    General                 (read_converter.cpp        :  72)   Converting reads to binary format for library #0 (takes a while)
  0:00:00.052     1M / 11M   INFO    General                 (read_converter.cpp        :  73)   Converting paired reads
  0:00:00.392    21M / 50M   INFO    General                 (binary_converter.cpp      :  96)   16384 reads processed
  0:00:00.395    21M / 52M   INFO    General                 (binary_converter.cpp      :  96)   32768 reads processed
  0:00:00.403    21M / 52M   INFO    General                 (binary_converter.cpp      :  96)   65536 reads processed
  0:00:00.584    17M / 72M   INFO    General                 (binary_converter.cpp      :  96)   131072 reads processed
  0:00:01.071    17M / 92M   INFO    General                 (binary_converter.cpp      :  96)   262144 reads processed
  0:00:01.593    13M / 104M  INFO    General                 (binary_converter.cpp      :  96)   524288 reads processed
  0:00:02.594     6M / 118M  INFO    General                 (binary_converter.cpp      :  96)   1048576 reads processed
  0:00:05.156     0M / 124M  INFO    General                 (binary_converter.cpp      :  96)   2097152 reads processed
  0:00:09.734     0M / 128M  INFO    General                 (binary_converter.cpp      :  96)   4194304 reads processed
  0:00:11.890     0M / 128M  INFO    General                 (binary_converter.cpp      : 111)   5094793 reads written
  0:00:11.898     0M / 128M  INFO    General                 (read_converter.cpp        :  86)   Converting single reads
  0:00:12.001     0M / 128M  INFO    General                 (binary_converter.cpp      : 111)   5032 reads written
  0:00:12.009     0M / 128M  INFO    General                 (read_converter.cpp        :  92)   Converting merged reads
  0:00:12.021     0M / 128M  INFO    General                 (binary_converter.cpp      : 111)   0 reads written
  0:00:12.037     1M / 128M  INFO   StageManager             (stage.cpp                 : 185)   STAGE == de Bruijn graph construction (id: construction)
  0:00:12.829     1M / 129M  INFO    General                 (construction.cpp          : 153)   Max read length 49
  0:00:12.829     1M / 129M  INFO    General                 (construction.cpp          : 159)   Average read length 48.9837
  0:00:12.829     1M / 129M  INFO    General                 (stage.cpp                 : 117)   PROCEDURE == k+1-mer counting (id: construction:kpomer_counting)
  0:00:12.829     1M / 129M  INFO    General                 (kmer_index_builder.hpp    : 243)   Splitting kmer instances into 80 files using 8 threads. This might take a while.
  0:00:12.831     1M / 129M  INFO    General                 (file_limit.hpp            :  42)   Open file limit set to 131072
  0:00:12.831     1M / 129M  INFO    General                 (kmer_splitter.hpp         :  93)   Memory available for splitting buffers: 16 Gb
  0:00:12.831     1M / 129M  INFO    General                 (kmer_splitter.hpp         : 101)   Using cell size of 838860
  0:00:24.422  4641M / 4641M INFO    General                 (kmer_splitters.hpp        : 125)   Processed 20389236 reads
  0:00:24.422     1M / 2819M INFO    General                 (kmer_splitters.hpp        : 131)   Used 20389236 reads
  0:00:24.426     1M / 2819M INFO    General                 (kmer_index_builder.hpp    : 249)   Starting k-mer counting.
  0:00:27.621     1M / 2819M INFO    General                 (kmer_index_builder.hpp    : 260)   K-mer counting done. There are 35932595 kmers in total.
  0:00:27.629     1M / 2819M INFO    General                 (stage.cpp                 : 117)   PROCEDURE == Extension index construction (id: construction:extension_index_construction)
  0:00:27.679     1M / 2819M INFO   K-mer Index Building     (kmer_index_builder.hpp    : 438)   Building kmer index
  0:00:27.683     1M / 2819M INFO    General                 (kmer_index_builder.hpp    : 243)   Splitting kmer instances into 80 files using 8 threads. This might take a while.
  0:00:27.694     1M / 2819M INFO    General                 (file_limit.hpp            :  42)   Open file limit set to 131072
  0:00:27.705     1M / 2819M INFO    General                 (kmer_splitter.hpp         :  93)   Memory available for splitting buffers: 16 Gb
  0:00:27.711     1M / 2819M INFO    General                 (kmer_splitter.hpp         : 101)   Using cell size of 838860
  0:00:33.072  4641M / 4641M INFO    General                 (kmer_splitters.hpp        : 194)   Processed 35932595 kmers
  0:00:33.081  4641M / 4641M INFO    General                 (kmer_splitters.hpp        : 199)   Used 35932595 kmers.
  0:00:33.089     1M / 2819M INFO    General                 (kmer_index_builder.hpp    : 249)   Starting k-mer counting.
  0:00:35.632     1M / 2819M INFO    General                 (kmer_index_builder.hpp    : 260)   K-mer counting done. There are 36104053 kmers in total.
  0:00:35.639     1M / 2819M INFO   K-mer Index Building     (kmer_index_builder.hpp    : 395)   Building perfect hash indices
  0:00:36.050    27M / 2819M INFO   K-mer Index Building     (kmer_index_builder.hpp    : 431)   Index built. Total 36104053 kmers, 26135576 bytes occupied (5.79117 bits per kmer).
  0:00:36.050    27M / 2819M INFO    General                 (kmer_index_builder.hpp    : 169)   Merging final buckets.
  0:00:36.555    63M / 2819M INFO   DeBruijnExtensionIndexBu (kmer_extension_index_build: 100)   Building k-mer extensions from k+1-mers
  0:00:39.566    63M / 2819M INFO   DeBruijnExtensionIndexBu (kmer_extension_index_build: 105)   Building k-mer extensions from k+1-mers finished.
  0:00:39.581    63M / 2819M INFO    General                 (stage.cpp                 : 117)   PROCEDURE == Condensing graph (id: construction:graph_condensing)
  0:00:39.621    63M / 2819M INFO   UnbranchingPathExtractor (debruijn_graph_constructor: 354)   Extracting unbranching paths
  0:00:43.173   220M / 2819M INFO   UnbranchingPathExtractor (debruijn_graph_constructor: 373)   Extracting unbranching paths finished. 3934555 sequences extracted
  0:00:44.672   220M / 2819M INFO   UnbranchingPathExtractor (debruijn_graph_constructor: 309)   Collecting perfect loops
  0:00:45.100   220M / 2819M INFO   UnbranchingPathExtractor (debruijn_graph_constructor: 342)   Collecting perfect loops finished. 0 loops collected
  0:00:45.168   220M / 2819M INFO    General                 (debruijn_graph_constructor: 487)   Total 7869110 edges to create
  0:00:45.168   525M / 2819M INFO    General                 (debruijn_graph_constructor: 489)   Collecting link records
  0:00:46.673   649M / 2819M INFO    General                 (debruijn_graph_constructor: 491)   Ordering link records
  0:00:46.773   649M / 2819M INFO    General                 (debruijn_graph_constructor: 493)   Sorting done
  0:00:46.812   681M / 2819M INFO    General                 (debruijn_graph_constructor: 503)   Total 4106013 vertices to create
  0:00:46.813  1062M / 2819M INFO    General                 (debruijn_graph_constructor: 506)   Connecting the graph
  0:00:49.742   842M / 2819M INFO    General                 (stage.cpp                 : 117)   PROCEDURE == Filling coverage indices (PHM) (id: construction:coverage_filling_phm)
  0:00:49.742   842M / 2819M INFO   K-mer Index Building     (kmer_index_builder.hpp    : 395)   Building perfect hash indices
  0:00:50.078   868M / 2819M INFO   K-mer Index Building     (kmer_index_builder.hpp    : 431)   Index built. Total 35932595 kmers, 26012120 bytes occupied (5.79131 bits per kmer).
  0:00:50.099  1008M / 2819M INFO    General                 (coverage_hash_map_builder.:  47)   Collecting k-mer coverage information from reads, this takes a while.
  0:00:59.910  1008M / 2819M INFO    General                 (construction.cpp          : 430)   Filling coverage and flanking coverage from PHM
  0:01:03.079  1009M / 2819M INFO    General                 (coverage_filling.hpp      :  82)   Processed 7869076 edges
  0:01:03.393   780M / 2819M INFO   StageManager             (stage.cpp                 : 185)   STAGE == EC Threshold Finding (id: ec_threshold_finder)
  0:01:03.393   780M / 2819M INFO    General                 (kmer_coverage_model.cpp   : 181)   Kmer coverage valley at: 3
  0:01:03.393   780M / 2819M INFO    General                 (kmer_coverage_model.cpp   : 201)   K-mer histogram maximum: 33
  0:01:03.393   780M / 2819M INFO    General                 (kmer_coverage_model.cpp   : 237)   Estimated median coverage: 35. Coverage mad: 11.8608
  0:01:03.393   780M / 2819M INFO    General                 (kmer_coverage_model.cpp   : 259)   Fitting coverage model
  0:01:03.438   780M / 2819M INFO    General                 (kmer_coverage_model.cpp   : 295)   ... iteration 2
  0:01:03.551   780M / 2819M INFO    General                 (kmer_coverage_model.cpp   : 295)   ... iteration 4
  0:01:03.964   780M / 2819M INFO    General                 (kmer_coverage_model.cpp   : 295)   ... iteration 8
  0:01:04.932   780M / 2819M INFO    General                 (kmer_coverage_model.cpp   : 295)   ... iteration 16
  0:01:05.345   780M / 2819M INFO    General                 (kmer_coverage_model.cpp   : 309)   Fitted mean coverage: 34.4996. Fitted coverage std. dev: 9.71283
  0:01:05.347   780M / 2819M INFO    General                 (kmer_coverage_model.cpp   : 334)   Probability of erroneous kmer at valley: 0.379141
  0:01:05.347   780M / 2819M INFO    General                 (kmer_coverage_model.cpp   : 358)   Preliminary threshold calculated as: 5
  0:01:05.347   780M / 2819M INFO    General                 (kmer_coverage_model.cpp   : 362)   Threshold adjusted to: 5
  0:01:05.347   780M / 2819M INFO    General                 (kmer_coverage_model.cpp   : 375)   Estimated genome size (ignoring repeats): 5268233
  0:01:05.347   780M / 2819M INFO    General                 (genomic_info_filler.cpp   :  55)   Mean coverage was calculated as 34.4996
  0:01:05.347   780M / 2819M INFO    General                 (genomic_info_filler.cpp   :  70)   EC coverage threshold value was calculated as 5
  0:01:05.347   780M / 2819M INFO    General                 (genomic_info_filler.cpp   :  71)   Trusted kmer low bound: 0
  0:01:05.347   780M / 2819M INFO   StageManager             (stage.cpp                 : 185)   STAGE == Gap Closer (id: early_gapcloser)
  0:01:05.358   789M / 2819M INFO    General                 (edge_index.hpp            : 113)   Size of edge index entries: 12/8
  0:01:05.895   857M / 2819M INFO    General                 (gap_closer.cpp            : 101)   Total edges in tip neighborhood: 2383237 out of 7869076, length: 34239359
  0:01:06.089   893M / 2819M INFO    General                 (edge_index.hpp            : 167)   Using small index (max_id = 7908458)
  0:01:06.393   893M / 2819M INFO   K-mer Index Building     (kmer_index_builder.hpp    : 395)   Building perfect hash indices
  0:01:08.743   914M / 2819M INFO   K-mer Index Building     (kmer_index_builder.hpp    : 431)   Index built. Total 29955282 kmers, 21636376 bytes occupied (5.77831 bits per kmer).
  0:01:08.779  1147M / 2819M INFO    General                 (edge_index_builders.hpp   : 265)   Collecting edge information from graph, this takes a while.
  0:01:13.955  1147M / 2819M INFO    General                 (sequence_mapper_notifier.h:  77)   Processed 200000 reads
  0:01:13.960  1147M / 2819M INFO    General                 (sequence_mapper_notifier.h:  77)   Processed 400000 reads
  0:01:13.962  1147M / 2819M INFO    General                 (sequence_mapper_notifier.h:  77)   Processed 600000 reads
  0:01:13.964  1148M / 2819M INFO    General                 (sequence_mapper_notifier.h:  77)   Processed 800000 reads
  0:01:13.965  1148M / 2819M INFO    General                 (sequence_mapper_notifier.h:  77)   Processed 1000000 reads
  0:01:13.967  1148M / 2819M INFO    General                 (sequence_mapper_notifier.h:  77)   Processed 1200000 reads
  0:01:17.862  1148M / 2819M INFO    General                 (sequence_mapper_notifier.h:  77)   Processed 2200000 reads
  0:01:21.770  1148M / 2819M INFO    General                 (sequence_mapper_notifier.h:  77)   Processed 4200000 reads
  0:01:22.521  1116M / 2819M INFO    General                 (sequence_mapper_notifier.h:  95)   Total 5094793 reads processed
  0:01:22.577   799M / 2819M INFO    General                 (gap_closer.cpp            : 452)   Initializing gap closer
  0:01:22.578   799M / 2819M INFO   GapCloser                (gap_closer.cpp            : 359)   Closing short gaps
  0:01:27.892   799M / 2819M INFO   GapCloser                (gap_closer.cpp            : 391)   Closing short gaps complete: filled 153 gaps after checking 1007 candidates
  0:01:27.977   799M / 2819M INFO    General                 (gap_closer.cpp            : 456)   Gap closer done
  0:01:27.988   780M / 2819M INFO   StageManager             (stage.cpp                 : 185)   STAGE == Raw Simplification (id: raw_simplification)
  0:01:27.989   780M / 2819M INFO    General                 (simplification.cpp        : 127)   PROCEDURE == Initial cleaning
  0:01:27.989   780M / 2819M INFO    General                 (graph_simplification.hpp  : 662)   Flanking coverage based disconnection disabled
  0:01:27.989   780M / 2819M INFO   Simplification           (parallel_processing.hpp   : 167)   Running Self conjugate edge remover
  0:01:28.108   780M / 2819M INFO   Simplification           (parallel_processing.hpp   : 170)   Self conjugate edge remover triggered 0 times
  0:01:28.109   780M / 2819M INFO   Simplification           (parallel_processing.hpp   : 167)   Running Initial tip clipper
  0:01:37.074   709M / 2819M INFO   Simplification           (parallel_processing.hpp   : 170)   Initial tip clipper triggered 1987854 times
  0:01:37.085   709M / 2819M INFO   Simplification           (parallel_processing.hpp   : 167)   Running Initial ec remover
  0:01:37.391   707M / 2819M INFO   Simplification           (parallel_processing.hpp   : 170)   Initial ec remover triggered 22292 times
  0:01:37.394   707M / 2819M INFO   Simplification           (parallel_processing.hpp   : 167)   Running Initial isolated edge remover
  0:01:37.665   703M / 2819M INFO   Simplification           (parallel_processing.hpp   : 170)   Initial isolated edge remover triggered 195926 times
  0:01:37.670   689M / 2819M INFO   StageManager             (stage.cpp                 : 185)   STAGE == Simplification (id: simplification)
  0:01:37.670   689M / 2819M INFO    General                 (simplification.cpp        : 368)   Graph simplification started
  0:01:37.670   689M / 2819M INFO    General                 (graph_simplification.hpp  : 634)   Creating parallel br instance
  0:01:37.670   689M / 2819M INFO    General                 (simplification.cpp        : 373)   PROCEDURE == Simplification cycle, iteration 1
  0:01:37.670   689M / 2819M INFO   Simplification           (parallel_processing.hpp   : 167)   Running Tip clipper
  0:01:37.684   689M / 2819M INFO   Simplification           (parallel_processing.hpp   : 170)   Tip clipper triggered 314 times
  0:01:37.684   689M / 2819M INFO   Simplification           (parallel_processing.hpp   : 167)   Running Bulge remover
  0:01:37.762   693M / 2819M INFO   Simplification           (parallel_processing.hpp   : 170)   Bulge remover triggered 1416 times
  0:01:37.762   693M / 2819M INFO   Simplification           (parallel_processing.hpp   : 167)   Running Low coverage edge remover
  0:01:37.772   693M / 2819M INFO   Simplification           (parallel_processing.hpp   : 170)   Low coverage edge remover triggered 0 times
  0:01:37.772   693M / 2819M INFO    General                 (simplification.cpp        : 373)   PROCEDURE == Simplification cycle, iteration 2
  0:01:37.772   693M / 2819M INFO   Simplification           (parallel_processing.hpp   : 167)   Running Tip clipper
  0:01:37.772   693M / 2819M INFO   Simplification           (parallel_processing.hpp   : 170)   Tip clipper triggered 0 times
  0:01:37.772   693M / 2819M INFO   Simplification           (parallel_processing.hpp   : 167)   Running Bulge remover
  0:01:37.772   693M / 2819M INFO   Simplification           (parallel_processing.hpp   : 170)   Bulge remover triggered 0 times
  0:01:37.772   693M / 2819M INFO   Simplification           (parallel_processing.hpp   : 167)   Running Low coverage edge remover
  0:01:37.772   693M / 2819M INFO   Simplification           (parallel_processing.hpp   : 170)   Low coverage edge remover triggered 0 times
  0:01:37.772   693M / 2819M INFO    General                 (simplification.cpp        : 373)   PROCEDURE == Simplification cycle, iteration 3
  0:01:37.772   693M / 2819M INFO   Simplification           (parallel_processing.hpp   : 167)   Running Tip clipper
  0:01:37.772   693M / 2819M INFO   Simplification           (parallel_processing.hpp   : 170)   Tip clipper triggered 0 times
  0:01:37.772   693M / 2819M INFO   Simplification           (parallel_processing.hpp   : 167)   Running Bulge remover
  0:01:37.772   693M / 2819M INFO   Simplification           (parallel_processing.hpp   : 170)   Bulge remover triggered 0 times
  0:01:37.772   693M / 2819M INFO   Simplification           (parallel_processing.hpp   : 167)   Running Low coverage edge remover
  0:01:37.773   693M / 2819M INFO   Simplification           (parallel_processing.hpp   : 170)   Low coverage edge remover triggered 9 times
  0:01:37.773   693M / 2819M INFO    General                 (simplification.cpp        : 373)   PROCEDURE == Simplification cycle, iteration 4
  0:01:37.773   693M / 2819M INFO   Simplification           (parallel_processing.hpp   : 167)   Running Tip clipper
  0:01:37.773   693M / 2819M INFO   Simplification           (parallel_processing.hpp   : 170)   Tip clipper triggered 0 times
  0:01:37.773   693M / 2819M INFO   Simplification           (parallel_processing.hpp   : 167)   Running Bulge remover
  0:01:37.773   693M / 2819M INFO   Simplification           (parallel_processing.hpp   : 170)   Bulge remover triggered 0 times
  0:01:37.773   693M / 2819M INFO   Simplification           (parallel_processing.hpp   : 167)   Running Low coverage edge remover
  0:01:37.773   693M / 2819M INFO   Simplification           (parallel_processing.hpp   : 170)   Low coverage edge remover triggered 0 times
  0:01:37.773   693M / 2819M INFO    General                 (simplification.cpp        : 373)   PROCEDURE == Simplification cycle, iteration 5
  0:01:37.773   693M / 2819M INFO   Simplification           (parallel_processing.hpp   : 167)   Running Tip clipper
  0:01:37.773   693M / 2819M INFO   Simplification           (parallel_processing.hpp   : 170)   Tip clipper triggered 0 times
  0:01:37.773   693M / 2819M INFO   Simplification           (parallel_processing.hpp   : 167)   Running Bulge remover
  0:01:37.773   693M / 2819M INFO   Simplification           (parallel_processing.hpp   : 170)   Bulge remover triggered 0 times
  0:01:37.773   693M / 2819M INFO   Simplification           (parallel_processing.hpp   : 167)   Running Low coverage edge remover
  0:01:37.780   693M / 2819M INFO   Simplification           (parallel_processing.hpp   : 170)   Low coverage edge remover triggered 87 times
  0:01:37.781   693M / 2819M INFO    General                 (simplification.cpp        : 373)   PROCEDURE == Simplification cycle, iteration 6
  0:01:37.781   693M / 2819M INFO   Simplification           (parallel_processing.hpp   : 167)   Running Tip clipper
  0:01:37.781   693M / 2819M INFO   Simplification           (parallel_processing.hpp   : 170)   Tip clipper triggered 0 times
  0:01:37.781   693M / 2819M INFO   Simplification           (parallel_processing.hpp   : 167)   Running Bulge remover
  0:01:37.781   693M / 2819M INFO   Simplification           (parallel_processing.hpp   : 170)   Bulge remover triggered 6 times
  0:01:37.781   693M / 2819M INFO   Simplification           (parallel_processing.hpp   : 167)   Running Low coverage edge remover
  0:01:37.785   693M / 2819M INFO   Simplification           (parallel_processing.hpp   : 170)   Low coverage edge remover triggered 42 times
  0:01:37.785   693M / 2819M INFO    General                 (simplification.cpp        : 373)   PROCEDURE == Simplification cycle, iteration 7
  0:01:37.785   693M / 2819M INFO   Simplification           (parallel_processing.hpp   : 167)   Running Tip clipper
  0:01:37.785   693M / 2819M INFO   Simplification           (parallel_processing.hpp   : 170)   Tip clipper triggered 1 times
  0:01:37.785   693M / 2819M INFO   Simplification           (parallel_processing.hpp   : 167)   Running Bulge remover
  0:01:37.786   693M / 2819M INFO   Simplification           (parallel_processing.hpp   : 170)   Bulge remover triggered 8 times
  0:01:37.786   693M / 2819M INFO   Simplification           (parallel_processing.hpp   : 167)   Running Low coverage edge remover
  0:01:37.787   693M / 2819M INFO   Simplification           (parallel_processing.hpp   : 170)   Low coverage edge remover triggered 14 times
  0:01:37.787   693M / 2819M INFO    General                 (simplification.cpp        : 373)   PROCEDURE == Simplification cycle, iteration 8
  0:01:37.787   693M / 2819M INFO   Simplification           (parallel_processing.hpp   : 167)   Running Tip clipper
  0:01:37.787   693M / 2819M INFO   Simplification           (parallel_processing.hpp   : 170)   Tip clipper triggered 0 times
  0:01:37.787   693M / 2819M INFO   Simplification           (parallel_processing.hpp   : 167)   Running Bulge remover
  0:01:37.787   693M / 2819M INFO   Simplification           (parallel_processing.hpp   : 170)   Bulge remover triggered 2 times
  0:01:37.787   693M / 2819M INFO   Simplification           (parallel_processing.hpp   : 167)   Running Low coverage edge remover
  0:01:37.787   693M / 2819M INFO   Simplification           (parallel_processing.hpp   : 170)   Low coverage edge remover triggered 5 times
  0:01:37.787   693M / 2819M INFO    General                 (simplification.cpp        : 373)   PROCEDURE == Simplification cycle, iteration 9
  0:01:37.787   693M / 2819M INFO   Simplification           (parallel_processing.hpp   : 167)   Running Tip clipper
  0:01:37.787   693M / 2819M INFO   Simplification           (parallel_processing.hpp   : 170)   Tip clipper triggered 0 times
  0:01:37.787   693M / 2819M INFO   Simplification           (parallel_processing.hpp   : 167)   Running Bulge remover
  0:01:37.787   693M / 2819M INFO   Simplification           (parallel_processing.hpp   : 170)   Bulge remover triggered 0 times
  0:01:37.787   693M / 2819M INFO   Simplification           (parallel_processing.hpp   : 167)   Running Low coverage edge remover
  0:01:37.787   693M / 2819M INFO   Simplification           (parallel_processing.hpp   : 170)   Low coverage edge remover triggered 1 times
  0:01:37.787   693M / 2819M INFO    General                 (simplification.cpp        : 373)   PROCEDURE == Simplification cycle, iteration 10
  0:01:37.787   693M / 2819M INFO   Simplification           (parallel_processing.hpp   : 167)   Running Tip clipper
  0:01:37.787   693M / 2819M INFO   Simplification           (parallel_processing.hpp   : 170)   Tip clipper triggered 0 times
  0:01:37.787   693M / 2819M INFO   Simplification           (parallel_processing.hpp   : 167)   Running Bulge remover
  0:01:37.788   693M / 2819M INFO   Simplification           (parallel_processing.hpp   : 170)   Bulge remover triggered 3 times
  0:01:37.788   693M / 2819M INFO   Simplification           (parallel_processing.hpp   : 167)   Running Low coverage edge remover
  0:01:37.788   693M / 2819M INFO   Simplification           (parallel_processing.hpp   : 170)   Low coverage edge remover triggered 2 times
  0:01:37.788   693M / 2819M INFO    General                 (simplification.cpp        : 373)   PROCEDURE == Simplification cycle, iteration 11
  0:01:37.788   693M / 2819M INFO   Simplification           (parallel_processing.hpp   : 167)   Running Tip clipper
  0:01:37.795   693M / 2819M INFO   Simplification           (parallel_processing.hpp   : 170)   Tip clipper triggered 0 times
  0:01:37.795   693M / 2819M INFO   Simplification           (parallel_processing.hpp   : 167)   Running Bulge remover
  0:01:37.804   693M / 2819M INFO   Simplification           (parallel_processing.hpp   : 170)   Bulge remover triggered 2 times
  0:01:37.804   693M / 2819M INFO   Simplification           (parallel_processing.hpp   : 167)   Running Low coverage edge remover
  0:01:37.811   693M / 2819M INFO   Simplification           (parallel_processing.hpp   : 170)   Low coverage edge remover triggered 0 times
  0:01:37.811   693M / 2819M INFO    General                 (simplification.cpp        : 373)   PROCEDURE == Simplification cycle, iteration 12
  0:01:37.811   693M / 2819M INFO   Simplification           (parallel_processing.hpp   : 167)   Running Tip clipper
  0:01:37.811   693M / 2819M INFO   Simplification           (parallel_processing.hpp   : 170)   Tip clipper triggered 0 times
  0:01:37.811   693M / 2819M INFO   Simplification           (parallel_processing.hpp   : 167)   Running Bulge remover
  0:01:37.811   693M / 2819M INFO   Simplification           (parallel_processing.hpp   : 170)   Bulge remover triggered 0 times
  0:01:37.811   693M / 2819M INFO   Simplification           (parallel_processing.hpp   : 167)   Running Low coverage edge remover
  0:01:37.811   693M / 2819M INFO   Simplification           (parallel_processing.hpp   : 170)   Low coverage edge remover triggered 0 times
  0:01:37.818   693M / 2819M INFO   StageManager             (stage.cpp                 : 185)   STAGE == Gap Closer (id: late_gapcloser)
  0:01:37.828   702M / 2819M INFO    General                 (edge_index.hpp            : 113)   Size of edge index entries: 12/8
  0:01:37.836   702M / 2819M INFO    General                 (gap_closer.cpp            : 101)   Total edges in tip neighborhood: 73 out of 4398, length: 715812
  0:01:37.836   702M / 2819M INFO    General                 (edge_index.hpp            : 167)   Using small index (max_id = 7908458)
  0:01:37.841   702M / 2819M INFO   K-mer Index Building     (kmer_index_builder.hpp    : 395)   Building perfect hash indices
  0:01:37.900   702M / 2819M INFO   K-mer Index Building     (kmer_index_builder.hpp    : 431)   Index built. Total 691296 kmers, 500040 bytes occupied (5.7867 bits per kmer).
  0:01:37.901   708M / 2819M INFO    General                 (edge_index_builders.hpp   : 265)   Collecting edge information from graph, this takes a while.
  0:01:39.297   708M / 2819M INFO    General                 (sequence_mapper_notifier.h:  77)   Processed 200000 reads
  0:01:39.297   708M / 2819M INFO    General                 (sequence_mapper_notifier.h:  77)   Processed 400000 reads
  0:01:39.298   708M / 2819M INFO    General                 (sequence_mapper_notifier.h:  77)   Processed 600000 reads
  0:01:39.298   708M / 2819M INFO    General                 (sequence_mapper_notifier.h:  77)   Processed 800000 reads
  0:01:39.299   708M / 2819M INFO    General                 (sequence_mapper_notifier.h:  77)   Processed 1000000 reads
  0:01:39.299   708M / 2819M INFO    General                 (sequence_mapper_notifier.h:  77)   Processed 1200000 reads
  0:01:40.649   708M / 2819M INFO    General                 (sequence_mapper_notifier.h:  77)   Processed 2200000 reads
  0:01:42.005   708M / 2819M INFO    General                 (sequence_mapper_notifier.h:  77)   Processed 4200000 reads
  0:01:42.593   708M / 2819M INFO    General                 (sequence_mapper_notifier.h:  95)   Total 5094793 reads processed
  0:01:42.596   702M / 2819M INFO    General                 (gap_closer.cpp            : 452)   Initializing gap closer
  0:01:42.596   702M / 2819M INFO   GapCloser                (gap_closer.cpp            : 359)   Closing short gaps
  0:01:42.603   702M / 2819M INFO   GapCloser                (gap_closer.cpp            : 391)   Closing short gaps complete: filled 3 gaps after checking 317 candidates
  0:01:42.609   702M / 2819M INFO    General                 (gap_closer.cpp            : 456)   Gap closer done
  0:01:42.610   693M / 2819M INFO   StageManager             (stage.cpp                 : 185)   STAGE == Simplification Cleanup (id: simplification_cleanup)
  0:01:42.610   693M / 2819M INFO    General                 (simplification.cpp        : 176)   PROCEDURE == Post simplification
  0:01:42.610   693M / 2819M INFO    General                 (graph_simplification.hpp  : 448)   Disconnection of relatively low covered edges disabled
  0:01:42.610   693M / 2819M INFO    General                 (graph_simplification.hpp  : 485)   Complex tip clipping disabled
  0:01:42.610   693M / 2819M INFO    General                 (graph_simplification.hpp  : 634)   Creating parallel br instance
  0:01:42.610   693M / 2819M INFO   Simplification           (parallel_processing.hpp   : 167)   Running Tip clipper
  0:01:42.618   693M / 2819M INFO   Simplification           (parallel_processing.hpp   : 170)   Tip clipper triggered 0 times
  0:01:42.618   693M / 2819M INFO   Simplification           (parallel_processing.hpp   : 167)   Running Bulge remover
  0:01:42.626   693M / 2819M INFO   Simplification           (parallel_processing.hpp   : 170)   Bulge remover triggered 0 times
  0:01:42.626   693M / 2819M INFO   Simplification           (parallel_processing.hpp   : 167)   Running Tip clipper
  0:01:42.633   693M / 2819M INFO   Simplification           (parallel_processing.hpp   : 170)   Tip clipper triggered 0 times
  0:01:42.634   693M / 2819M INFO   Simplification           (parallel_processing.hpp   : 167)   Running Bulge remover
  0:01:42.642   693M / 2819M INFO   Simplification           (parallel_processing.hpp   : 170)   Bulge remover triggered 0 times
  0:01:42.642   693M / 2819M INFO    General                 (simplification.cpp        : 327)   Disrupting self-conjugate edges
  0:01:42.649   693M / 2819M INFO   Simplification           (parallel_processing.hpp   : 167)   Running Removing isolated edges
  0:01:42.656   693M / 2819M INFO   Simplification           (parallel_processing.hpp   : 170)   Removing isolated edges triggered 7 times
  0:01:42.662   693M / 2819M INFO    General                 (simplification.cpp        : 495)   After simplification:
  0:01:42.662   693M / 2819M INFO    General                 (simplification.cpp        : 496)     Average coverage = 36.938
  0:01:42.669   693M / 2819M INFO    General                 (simplification.cpp        : 497)     Total length = 5209984
  0:01:42.674   693M / 2819M INFO    General                 (simplification.cpp        : 498)     Median edge length: 20577
  0:01:42.674   693M / 2819M INFO    General                 (simplification.cpp        : 499)     Edges: 4378
  0:01:42.674   693M / 2819M INFO    General                 (simplification.cpp        : 500)     Vertices: 2908
  0:01:42.674   693M / 2819M INFO   StageManager             (stage.cpp                 : 185)   STAGE == Mismatch Correction (id: mismatch_correction)
  0:01:42.674   693M / 2819M INFO    General                 (graph_pack.cpp            :  67)   Index refill
  0:01:42.674   693M / 2819M INFO    General                 (edge_index.hpp            : 156)   Using small index (max_id = 7908458)
  0:01:42.706   693M / 2819M INFO   K-mer Index Building     (kmer_index_builder.hpp    : 395)   Building perfect hash indices
  0:01:43.004   696M / 2819M INFO   K-mer Index Building     (kmer_index_builder.hpp    : 431)   Index built. Total 5209963 kmers, 3763696 bytes occupied (5.77923 bits per kmer).
  0:01:43.008   736M / 2819M INFO    General                 (edge_index_builders.hpp   : 252)   Collecting edge information from graph, this takes a while.
  0:01:43.154   736M / 2819M INFO    General                 (graph_pack.cpp            :  77)   Normalizing k-mer map. Total 125284 kmers to process
  0:01:43.170   736M / 2819M INFO    General                 (graph_pack.cpp            :  79)   Normalizing done
  0:01:43.170   736M / 2819M INFO    General                 (mismatch_correction.cpp   : 400)   Collect potential mismatches
  0:01:43.186   737M / 2819M INFO    General                 (mismatch_correction.cpp   : 192)   Total 1012 edges (out of 4378) with 9896 potential mismatch positions (9.77866 positions per edge)
  0:01:43.186   737M / 2819M INFO    General                 (mismatch_correction.cpp   : 402)   Potential mismatches collected
  0:01:43.577   737M / 2819M INFO    General                 (sequence_mapper_notifier.h:  77)   Processed 200000 reads
  0:01:43.578   738M / 2819M INFO    General                 (sequence_mapper_notifier.h:  77)   Processed 400000 reads
  0:01:43.578   738M / 2819M INFO    General                 (sequence_mapper_notifier.h:  77)   Processed 600000 reads
  0:01:43.578   739M / 2819M INFO    General                 (sequence_mapper_notifier.h:  77)   Processed 800000 reads
  0:01:43.579   739M / 2819M INFO    General                 (sequence_mapper_notifier.h:  77)   Processed 1000000 reads
  0:01:43.579   740M / 2819M INFO    General                 (sequence_mapper_notifier.h:  77)   Processed 1200000 reads
  0:01:43.957   740M / 2819M INFO    General                 (sequence_mapper_notifier.h:  77)   Processed 2200000 reads
  0:01:44.337   741M / 2819M INFO    General                 (sequence_mapper_notifier.h:  77)   Processed 4200000 reads
  0:01:45.465   741M / 2819M INFO    General                 (sequence_mapper_notifier.h:  77)   Processed 8400000 reads
  0:01:47.376   741M / 2819M INFO    General                 (sequence_mapper_notifier.h:  77)   Processed 16800000 reads
  0:01:48.366   743M / 2819M INFO    General                 (sequence_mapper_notifier.h:  95)   Total 20389236 reads processed
  0:01:48.394   737M / 2819M INFO    General                 (mismatch_correction.cpp   : 395)   All edges processed
  0:01:48.395   736M / 2819M INFO    General                 (mismatch_correction.cpp   : 450)   Corrected 23 nucleotides
  0:01:48.395   736M / 2819M INFO   StageManager             (stage.cpp                 : 185)   STAGE == Contig Output (id: contig_output)
  0:01:48.395   736M / 2819M INFO    General                 (contig_output.hpp         :  16)   Outputting contigs to /home/gkibet/bioinformatics/github/ilri-africa-cdc-training/bacteria/data/spades/K27/before_rr.fasta
  0:01:48.682   736M / 2819M INFO    General                 (contig_output_stage.cpp   : 151)   Writing GFA graph to /home/gkibet/bioinformatics/github/ilri-africa-cdc-training/bacteria/data/spades/K27/assembly_graph_after_simplification.gfa
  0:01:48.760   736M / 2819M INFO   StageManager             (stage.cpp                 : 185)   STAGE == Paired Information Counting (id: late_pair_info_count)
  0:01:48.783   737M / 2819M INFO    General                 (graph_pack.cpp            :  77)   Normalizing k-mer map. Total 125904 kmers to process
  0:01:48.802   737M / 2819M INFO    General                 (graph_pack.cpp            :  79)   Normalizing done
  0:01:48.806   737M / 2819M INFO    General                 (pair_info_count.cpp       : 339)   Min edge length for estimation: 20577
  0:01:48.806   737M / 2819M INFO    General                 (pair_info_count.cpp       : 350)   Estimating insert size for library #0
  0:01:48.806   737M / 2819M INFO    General                 (pair_info_count.cpp       : 202)   Estimating insert size (takes a while)
  0:01:48.822   881M / 2819M INFO    General                 (pair_info_count.cpp       :  48)   Selecting usual mapper
  0:01:49.537   881M / 2819M INFO    General                 (sequence_mapper_notifier.h:  77)   Processed 200000 reads
  0:01:49.559   881M / 2819M INFO    General                 (sequence_mapper_notifier.h:  77)   Processed 400000 reads
  0:01:49.580   882M / 2819M INFO    General                 (sequence_mapper_notifier.h:  77)   Processed 600000 reads
  0:01:49.601   882M / 2819M INFO    General                 (sequence_mapper_notifier.h:  77)   Processed 800000 reads
  0:01:49.622   882M / 2819M INFO    General                 (sequence_mapper_notifier.h:  77)   Processed 1000000 reads
  0:01:49.643   882M / 2819M INFO    General                 (sequence_mapper_notifier.h:  77)   Processed 1200000 reads
  0:01:50.336   882M / 2819M INFO    General                 (sequence_mapper_notifier.h:  77)   Processed 2200000 reads
  0:01:51.138   882M / 2819M INFO    General                 (sequence_mapper_notifier.h:  77)   Processed 4200000 reads
  0:01:51.527   881M / 2819M INFO    General                 (sequence_mapper_notifier.h:  95)   Total 5094793 reads processed
  0:01:51.628   881M / 2819M INFO    General                 (pair_info_count.cpp       : 220)   Edge pairs: 174621
  0:01:51.628   881M / 2819M INFO    General                 (pair_info_count.cpp       : 222)   291643 paired reads (5.72433% of all) aligned to long edges
  0:01:51.629   881M / 2819M WARN    General                 (pair_info_count.cpp       : 226)   Too much reads aligned with negative insert size. Is the library orientation set properly?
  0:01:51.631   737M / 2819M INFO    General                 (pair_info_count.cpp       : 369)     Insert size = 183.947, deviation = 93.3712, left quantile = 76, right quantile = 319, read length = 49
  0:01:51.631   738M / 2819M INFO    General                 (pair_info_count.cpp       : 390)   Filtering data for library #0
  0:01:51.638   738M / 2819M INFO    General                 (pair_info_count.cpp       :  48)   Selecting usual mapper
  0:01:52.353   738M / 2819M INFO    General                 (sequence_mapper_notifier.h:  77)   Processed 200000 reads
  0:01:52.355   738M / 2819M INFO    General                 (sequence_mapper_notifier.h:  77)   Processed 400000 reads
  0:01:52.356   738M / 2819M INFO    General                 (sequence_mapper_notifier.h:  77)   Processed 600000 reads
  0:01:52.357   738M / 2819M INFO    General                 (sequence_mapper_notifier.h:  77)   Processed 800000 reads
  0:01:52.357   738M / 2819M INFO    General                 (sequence_mapper_notifier.h:  77)   Processed 1000000 reads
  0:01:52.358   738M / 2819M INFO    General                 (sequence_mapper_notifier.h:  77)   Processed 1200000 reads
  0:01:53.070   738M / 2819M INFO    General                 (sequence_mapper_notifier.h:  77)   Processed 2200000 reads
  0:01:53.788   738M / 2819M INFO    General                 (sequence_mapper_notifier.h:  77)   Processed 4200000 reads
  0:01:53.952   738M / 2819M INFO    General                 (sequence_mapper_notifier.h:  95)   Total 5094793 reads processed
  0:01:53.955   738M / 2819M INFO    General                 (pair_info_count.cpp       : 402)   Mapping library #0
  0:01:53.955   738M / 2819M INFO    General                 (pair_info_count.cpp       : 404)   Mapping paired reads (takes a while)
  0:01:53.955   738M / 2819M INFO    General                 (pair_info_count.cpp       : 299)   Left insert size quantile 76, right insert size quantile 319, filtering threshold 2, rounding threshold 0
  0:01:53.972   747M / 2819M INFO    General                 (pair_info_count.cpp       :  48)   Selecting usual mapper
  0:01:55.035   748M / 2819M INFO    General                 (sequence_mapper_notifier.h:  77)   Processed 200000 reads
  0:01:55.037   750M / 2819M INFO    General                 (sequence_mapper_notifier.h:  77)   Processed 400000 reads
  0:01:55.038   751M / 2819M INFO    General                 (sequence_mapper_notifier.h:  77)   Processed 600000 reads
  0:01:55.039   752M / 2819M INFO    General                 (sequence_mapper_notifier.h:  77)   Processed 800000 reads
  0:01:55.040   753M / 2819M INFO    General                 (sequence_mapper_notifier.h:  77)   Processed 1000000 reads
  0:01:55.041   755M / 2819M INFO    General                 (sequence_mapper_notifier.h:  77)   Processed 1200000 reads
  0:01:56.165   755M / 2819M INFO    General                 (sequence_mapper_notifier.h:  77)   Processed 2200000 reads
  0:01:57.324   756M / 2819M INFO    General                 (sequence_mapper_notifier.h:  77)   Processed 4200000 reads
  0:01:57.595   767M / 2819M INFO    General                 (sequence_mapper_notifier.h:  95)   Total 5094793 reads processed
  0:01:57.602   757M / 2819M INFO   StageManager             (stage.cpp                 : 185)   STAGE == Distance Estimation (id: distance_estimation)
  0:01:57.602   757M / 2819M INFO    General                 (distance_estimation.cpp   : 179)   Processing library #0
  0:01:57.602   757M / 2819M INFO    General                 (distance_estimation.cpp   : 150)   Weight Filter Done
  0:01:57.603   757M / 2819M INFO   DistanceEstimator        (distance_estimation.hpp   : 116)   Using SIMPLE distance estimator
  0:01:57.635   758M / 2819M INFO    General                 (distance_estimation.cpp   :  37)   Filtering info
  0:01:57.636   758M / 2819M INFO    General                 (pair_info_filters.hpp     : 242)   Start filtering; library index size: 23526
  0:01:57.641   758M / 2819M INFO    General                 (pair_info_filters.hpp     : 263)   Done filtering; library index size: 9872
  0:01:57.641   757M / 2819M INFO    General                 (distance_estimation.cpp   : 156)   Refining clustered pair information
  0:01:57.643   757M / 2819M INFO    General                 (distance_estimation.cpp   : 158)   The refining of clustered pair information has been finished
  0:01:57.643   757M / 2819M INFO    General                 (distance_estimation.cpp   : 160)   Improving paired information
  0:01:57.674   758M / 2819M INFO   PairInfoImprover         (pair_info_improver.hpp    : 104)   Paired info stats: missing = 6127; contradictional = 170
  0:01:57.710   758M / 2819M INFO   PairInfoImprover         (pair_info_improver.hpp    : 104)   Paired info stats: missing = 2252; contradictional = 160
  0:01:57.711   758M / 2819M INFO    General                 (distance_estimation.cpp   : 104)   Filling scaffolding index
  0:01:57.711   758M / 2819M INFO   DistanceEstimator        (distance_estimation.hpp   : 116)   Using SMOOTHING distance estimator
  0:01:58.422   759M / 2819M INFO    General                 (distance_estimation.cpp   :  37)   Filtering info
  0:01:58.422   759M / 2819M INFO    General                 (pair_info_filters.hpp     : 242)   Start filtering; library index size: 12027
  0:01:58.425   759M / 2819M INFO    General                 (pair_info_filters.hpp     : 263)   Done filtering; library index size: 12027
  0:01:58.425   759M / 2819M INFO    General                 (distance_estimation.cpp   : 186)   Clearing raw paired index
  0:01:58.432   739M / 2819M INFO   StageManager             (stage.cpp                 : 185)   STAGE == Repeat Resolving (id: repeat_resolving)
  0:01:58.433   739M / 2819M INFO    General                 (repeat_resolving.cpp      :  87)   Using Path-Extend repeat resolving
  0:01:58.435   739M / 2819M INFO    General                 (launcher.cpp              : 600)   ExSPAnder repeat resolving tool started
  0:01:58.498   739M / 2819M INFO    General                 (coverage_uniformity_analyz:  25)   genomic coverage is 34.8796 calculated of length 5000312
  0:01:58.510   748M / 2819M INFO    General                 (launcher.cpp              : 418)   Creating main extenders, unique edge length = 2000
  0:01:58.510   748M / 2819M INFO    General                 (extenders_logic.cpp       : 334)   Estimated coverage of library #0 is 36.938
  0:01:58.510   748M / 2819M INFO    General                 (extenders_logic.cpp       : 345)   Creating extender; library index size: 26300
  0:01:58.510   748M / 2819M INFO    General                 (extenders_logic.cpp       : 334)   Estimated coverage of library #0 is 36.938
  0:01:58.510   748M / 2819M INFO    General                 (extenders_logic.cpp       : 345)   Creating extender; library index size: 26300
  0:01:58.514   749M / 2819M INFO    General                 (extenders_logic.cpp       : 543)   Using 1 paired-end library
  0:01:58.514   749M / 2819M INFO    General                 (extenders_logic.cpp       : 544)   Using 1 paired-end scaffolding library
  0:01:58.514   749M / 2819M INFO    General                 (extenders_logic.cpp       : 545)   Using 0 single read libraries
  0:01:58.514   749M / 2819M INFO    General                 (launcher.cpp              : 447)   Total number of extenders is 3
  0:01:58.514   749M / 2819M INFO    General                 (path_extenders.cpp        :  36)   Processed 0 paths from 2146 (0%)
  0:01:58.552   751M / 2819M INFO    General                 (path_extenders.cpp        :  34)   Processed 128 paths from 2146 (5%)
  0:01:58.565   752M / 2819M INFO    General                 (path_extenders.cpp        :  36)   Processed 215 paths from 2146 (10%)
  0:01:58.569   752M / 2819M INFO    General                 (path_extenders.cpp        :  34)   Processed 256 paths from 2146 (11%)
  0:01:58.581   753M / 2819M INFO    General                 (path_extenders.cpp        :  36)   Processed 430 paths from 2146 (20%)
  0:01:58.585   754M / 2819M INFO    General                 (path_extenders.cpp        :  34)   Processed 512 paths from 2146 (23%)
  0:01:58.592   754M / 2819M INFO    General                 (path_extenders.cpp        :  36)   Processed 645 paths from 2146 (30%)
  0:01:58.600   755M / 2819M INFO    General                 (path_extenders.cpp        :  36)   Processed 860 paths from 2146 (40%)
  0:01:58.604   756M / 2819M INFO    General                 (path_extenders.cpp        :  34)   Processed 1024 paths from 2146 (47%)
  0:01:58.606   756M / 2819M INFO    General                 (path_extenders.cpp        :  36)   Processed 1075 paths from 2146 (50%)
  0:01:58.618   757M / 2819M INFO    General                 (path_extenders.cpp        :  36)   Processed 1290 paths from 2146 (60%)
  0:01:58.629   758M / 2819M INFO    General                 (path_extenders.cpp        :  36)   Processed 1505 paths from 2146 (70%)
  0:01:58.630   758M / 2819M INFO    General                 (path_extenders.cpp        :  36)   Processed 1720 paths from 2146 (80%)
  0:01:58.631   758M / 2819M INFO    General                 (path_extenders.cpp        :  36)   Processed 1935 paths from 2146 (90%)
  0:01:58.631   758M / 2819M INFO    General                 (path_extenders.cpp        :  34)   Processed 2048 paths from 2146 (95%)
  0:01:58.631   758M / 2819M INFO    General                 (launcher.cpp              : 250)   Finalizing paths
  0:01:58.631   758M / 2819M INFO    General                 (launcher.cpp              : 252)   Deduplicating paths
  0:01:58.639   756M / 2819M INFO    General                 (launcher.cpp              : 256)   Paths deduplicated
  0:01:58.639   756M / 2819M INFO   PEResolver               (pe_resolver.cpp           :  60)   Removing overlaps
  0:01:58.639   756M / 2819M INFO   PEResolver               (pe_resolver.cpp           :  63)   Sorting paths
  0:01:58.640   756M / 2819M INFO   PEResolver               (pe_resolver.cpp           :  70)   Marking overlaps
  0:01:58.640   756M / 2819M INFO   OverlapRemover           (overlap_remover.hpp       : 116)   Marking start/end overlaps
  0:01:58.647   756M / 2819M INFO   OverlapRemover           (overlap_remover.hpp       : 119)   Marking remaining overlaps
  0:01:58.655   756M / 2819M INFO   PEResolver               (pe_resolver.cpp           :  73)   Splitting paths
  0:01:58.657   760M / 2819M INFO   PEResolver               (pe_resolver.cpp           :  78)   Deduplicating paths
  0:01:58.658   756M / 2819M INFO   PEResolver               (pe_resolver.cpp           :  80)   Overlaps removed
  0:01:58.663   758M / 2819M INFO    General                 (launcher.cpp              : 273)   Paths finalized
  0:01:58.663   758M / 2819M INFO    General                 (launcher.cpp              : 454)   Closing gaps in paths
  0:01:58.664   762M / 2819M INFO    General                 (launcher.cpp              : 484)   Gap closing completed
  0:01:58.665   762M / 2819M INFO    General                 (launcher.cpp              : 302)   Traversing tandem repeats
  0:01:58.674   762M / 2819M INFO    General                 (launcher.cpp              : 312)   Traversed 8 loops
  0:01:58.674   762M / 2819M INFO    General                 (launcher.cpp              : 250)   Finalizing paths
  0:01:58.674   762M / 2819M INFO    General                 (launcher.cpp              : 252)   Deduplicating paths
  0:01:58.674   762M / 2819M INFO    General                 (launcher.cpp              : 256)   Paths deduplicated
  0:01:58.674   762M / 2819M INFO   PEResolver               (pe_resolver.cpp           :  60)   Removing overlaps
  0:01:58.674   762M / 2819M INFO   PEResolver               (pe_resolver.cpp           :  63)   Sorting paths
  0:01:58.674   762M / 2819M INFO   PEResolver               (pe_resolver.cpp           :  70)   Marking overlaps
  0:01:58.674   762M / 2819M INFO   OverlapRemover           (overlap_remover.hpp       : 116)   Marking start/end overlaps
  0:01:58.675   762M / 2819M INFO   OverlapRemover           (overlap_remover.hpp       : 119)   Marking remaining overlaps
  0:01:58.675   762M / 2819M INFO   PEResolver               (pe_resolver.cpp           :  73)   Splitting paths
  0:01:58.676   762M / 2819M INFO   PEResolver               (pe_resolver.cpp           :  78)   Deduplicating paths
  0:01:58.676   762M / 2819M INFO   PEResolver               (pe_resolver.cpp           :  80)   Overlaps removed
  0:01:58.680   762M / 2819M INFO    General                 (launcher.cpp              : 273)   Paths finalized
  0:01:58.680   762M / 2819M INFO    General                 (launcher.cpp              : 664)   ExSPAnder repeat resolving tool finished
  0:01:58.685   743M / 2819M INFO   StageManager             (stage.cpp                 : 185)   STAGE == Contig Output (id: contig_output)
  0:01:58.686   743M / 2819M INFO    General                 (contig_output.hpp         :  16)   Outputting contigs to /home/gkibet/bioinformatics/github/ilri-africa-cdc-training/bacteria/data/spades/K27/before_rr.fasta
  0:01:58.891   743M / 2819M INFO    General                 (contig_output_stage.cpp   : 151)   Writing GFA graph to /home/gkibet/bioinformatics/github/ilri-africa-cdc-training/bacteria/data/spades/K27/assembly_graph_with_scaffolds.gfa
  0:01:58.957   743M / 2819M INFO    General                 (contig_output_stage.cpp   : 165)   Outputting FastG graph to /home/gkibet/bioinformatics/github/ilri-africa-cdc-training/bacteria/data/spades/K27/assembly_graph.fastg
  0:01:59.134   743M / 2819M INFO    General                 (contig_output_stage.cpp   : 196)   Breaking scaffolds
  0:01:59.149   755M / 2819M INFO    General                 (contig_output_stage.cpp   :  98)   Outputting contigs to /home/gkibet/bioinformatics/github/ilri-africa-cdc-training/bacteria/data/spades/K27/final_contigs.fasta
  0:01:59.218   755M / 2819M INFO    General                 (contig_output_stage.cpp   : 104)   Outputting FastG paths to /home/gkibet/bioinformatics/github/ilri-africa-cdc-training/bacteria/data/spades/K27/final_contigs.paths
  0:01:59.244   750M / 2819M INFO    General                 (contig_output_stage.cpp   :  98)   Outputting contigs to /home/gkibet/bioinformatics/github/ilri-africa-cdc-training/bacteria/data/spades/K27/scaffolds.fasta
  0:01:59.362   750M / 2819M INFO    General                 (contig_output_stage.cpp   : 104)   Outputting FastG paths to /home/gkibet/bioinformatics/github/ilri-africa-cdc-training/bacteria/data/spades/K27/scaffolds.paths
  0:01:59.468   750M / 2819M INFO    General                 (contig_output_stage.cpp   : 111)   Populating GFA with scaffold paths
  0:01:59.538   743M / 2819M INFO    General                 (pipeline.cpp              : 287)   SPAdes finished
  0:01:59.560     1M / 2819M INFO    General                 (main.cpp                  : 136)   Assembling time: 0 hours 1 minutes 59 seconds

===== K27 finished. 


===== Copy files started. 


== Running: /home/gkibet/bioinformatics/anaconda3/bin/python3 /export/apps/spades/3.15/share/spades/spades_pipeline/scripts/copy_files.py /home/gkibet/bioinformatics/github/ilri-africa-cdc-training/bacteria/data/spades/K27/before_rr.fasta /home/gkibet/bioinformatics/github/ilri-africa-cdc-training/bacteria/data/spades/before_rr.fasta /home/gkibet/bioinformatics/github/ilri-africa-cdc-training/bacteria/data/spades/K27/assembly_graph_after_simplification.gfa /home/gkibet/bioinformatics/github/ilri-africa-cdc-training/bacteria/data/spades/assembly_graph_after_simplification.gfa /home/gkibet/bioinformatics/github/ilri-africa-cdc-training/bacteria/data/spades/K27/final_contigs.fasta /home/gkibet/bioinformatics/github/ilri-africa-cdc-training/bacteria/data/spades/contigs.fasta /home/gkibet/bioinformatics/github/ilri-africa-cdc-training/bacteria/data/spades/K27/first_pe_contigs.fasta /home/gkibet/bioinformatics/github/ilri-africa-cdc-training/bacteria/data/spades/first_pe_contigs.fasta /home/gkibet/bioinformatics/github/ilri-africa-cdc-training/bacteria/data/spades/K27/strain_graph.gfa /home/gkibet/bioinformatics/github/ilri-africa-cdc-training/bacteria/data/spades/strain_graph.gfa /home/gkibet/bioinformatics/github/ilri-africa-cdc-training/bacteria/data/spades/K27/scaffolds.fasta /home/gkibet/bioinformatics/github/ilri-africa-cdc-training/bacteria/data/spades/scaffolds.fasta /home/gkibet/bioinformatics/github/ilri-africa-cdc-training/bacteria/data/spades/K27/scaffolds.paths /home/gkibet/bioinformatics/github/ilri-africa-cdc-training/bacteria/data/spades/scaffolds.paths /home/gkibet/bioinformatics/github/ilri-africa-cdc-training/bacteria/data/spades/K27/assembly_graph_with_scaffolds.gfa /home/gkibet/bioinformatics/github/ilri-africa-cdc-training/bacteria/data/spades/assembly_graph_with_scaffolds.gfa /home/gkibet/bioinformatics/github/ilri-africa-cdc-training/bacteria/data/spades/K27/assembly_graph.fastg /home/gkibet/bioinformatics/github/ilri-africa-cdc-training/bacteria/data/spades/assembly_graph.fastg /home/gkibet/bioinformatics/github/ilri-africa-cdc-training/bacteria/data/spades/K27/final_contigs.paths /home/gkibet/bioinformatics/github/ilri-africa-cdc-training/bacteria/data/spades/contigs.paths


===== Copy files finished. 


===== Assembling finished. 


===== Breaking scaffolds started. 


== Running: /home/gkibet/bioinformatics/anaconda3/bin/python3 /export/apps/spades/3.15/share/spades/spades_pipeline/scripts/breaking_scaffolds_script.py --result_scaffolds_filename /home/gkibet/bioinformatics/github/ilri-africa-cdc-training/bacteria/data/spades/scaffolds.fasta --misc_dir /home/gkibet/bioinformatics/github/ilri-africa-cdc-training/bacteria/data/spades/misc --threshold_for_breaking_scaffolds 3


===== Breaking scaffolds finished. 


===== Terminate started. 


===== Terminate finished. 

 * Corrected reads are in /home/gkibet/bioinformatics/github/ilri-africa-cdc-training/bacteria/data/spades/corrected/
 * Assembled contigs are in /home/gkibet/bioinformatics/github/ilri-africa-cdc-training/bacteria/data/spades/contigs.fasta
 * Assembled scaffolds are in /home/gkibet/bioinformatics/github/ilri-africa-cdc-training/bacteria/data/spades/scaffolds.fasta
 * Paths in the assembly graph corresponding to the contigs are in /home/gkibet/bioinformatics/github/ilri-africa-cdc-training/bacteria/data/spades/contigs.paths
 * Paths in the assembly graph corresponding to the scaffolds are in /home/gkibet/bioinformatics/github/ilri-africa-cdc-training/bacteria/data/spades/scaffolds.paths
 * Assembly graph is in /home/gkibet/bioinformatics/github/ilri-africa-cdc-training/bacteria/data/spades/assembly_graph.fastg
 * Assembly graph in GFA format is in /home/gkibet/bioinformatics/github/ilri-africa-cdc-training/bacteria/data/spades/assembly_graph_with_scaffolds.gfa

======= SPAdes pipeline finished WITH WARNINGS!

=== Error correction and assembling warnings:
 * 0:01:51.629   881M / 2819M WARN    General                 (pair_info_count.cpp       : 226)   Too much reads aligned with negative insert size. Is the library orientation set properly?
======= Warnings saved to /home/gkibet/bioinformatics/github/ilri-africa-cdc-training/bacteria/data/spades/warnings.log

SPAdes log can be found here: /home/gkibet/bioinformatics/github/ilri-africa-cdc-training/bacteria/data/spades/spades.log

Thank you for using SPAdes!
